Determining if the pthread_create exist failed with the following output:
Change Dir: /home/mech-user/seminar/build/my_dynamixel_tutorial/CMakeFiles/CMakeTmp

Run Build Command:/usr/bin/make "cmTryCompileExec3573812536/fast"
/usr/bin/make -f CMakeFiles/cmTryCompileExec3573812536.dir/build.make CMakeFiles/cmTryCompileExec3573812536.dir/build
make[1]: Entering directory `/home/mech-user/seminar/build/my_dynamixel_tutorial/CMakeFiles/CMakeTmp'
/usr/bin/cmake -E cmake_progress_report /home/mech-user/seminar/build/my_dynamixel_tutorial/CMakeFiles/CMakeTmp/CMakeFiles 1
Building C object CMakeFiles/cmTryCompileExec3573812536.dir/CheckSymbolExists.c.o
/usr/bin/cc    -o CMakeFiles/cmTryCompileExec3573812536.dir/CheckSymbolExists.c.o   -c /home/mech-user/seminar/build/my_dynamixel_tutorial/CMakeFiles/CMakeTmp/CheckSymbolExists.c
Linking C executable cmTryCompileExec3573812536
/usr/bin/cmake -E cmake_link_script CMakeFiles/cmTryCompileExec3573812536.dir/link.txt --verbose=1
/usr/bin/cc       CMakeFiles/cmTryCompileExec3573812536.dir/CheckSymbolExists.c.o  -o cmTryCompileExec3573812536 -rdynamic 
CMakeFiles/cmTryCompileExec3573812536.dir/CheckSymbolExists.c.o: In function `main':
CheckSymbolExists.c:(.text+0x16): undefined reference to `pthread_create'
collect2: error: ld returned 1 exit status
make[1]: *** [cmTryCompileExec3573812536] Error 1
make[1]: Leaving directory `/home/mech-user/seminar/build/my_dynamixel_tutorial/CMakeFiles/CMakeTmp'
make: *** [cmTryCompileExec3573812536/fast] Error 2

File /home/mech-user/seminar/build/my_dynamixel_tutorial/CMakeFiles/CMakeTmp/CheckSymbolExists.c:
/* */
#include <pthread.h>

int main(int argc, char** argv)
{
  (void)argv;
#ifndef pthread_create
  return ((int*)(&pthread_create))[argc];
#else
  (void)argc;
  return 0;
#endif
}

Determining if the function pthread_create exists in the pthreads failed with the following output:
Change Dir: /home/mech-user/seminar/build/my_dynamixel_tutorial/CMakeFiles/CMakeTmp

Run Build Command:/usr/bin/make "cmTryCompileExec1333193546/fast"
/usr/bin/make -f CMakeFiles/cmTryCompileExec1333193546.dir/build.make CMakeFiles/cmTryCompileExec1333193546.dir/build
make[1]: Entering directory `/home/mech-user/seminar/build/my_dynamixel_tutorial/CMakeFiles/CMakeTmp'
/usr/bin/cmake -E cmake_progress_report /home/mech-user/seminar/build/my_dynamixel_tutorial/CMakeFiles/CMakeTmp/CMakeFiles 1
Building C object CMakeFiles/cmTryCompileExec1333193546.dir/CheckFunctionExists.c.o
/usr/bin/cc   -DCHECK_FUNCTION_EXISTS=pthread_create   -o CMakeFiles/cmTryCompileExec1333193546.dir/CheckFunctionExists.c.o   -c /usr/share/cmake-2.8/Modules/CheckFunctionExists.c
Linking C executable cmTryCompileExec1333193546
/usr/bin/cmake -E cmake_link_script CMakeFiles/cmTryCompileExec1333193546.dir/link.txt --verbose=1
/usr/bin/cc   -DCHECK_FUNCTION_EXISTS=pthread_create    CMakeFiles/cmTryCompileExec1333193546.dir/CheckFunctionExists.c.o  -o cmTryCompileExec1333193546 -rdynamic -lpthreads 
/usr/bin/ld: cannot find -lpthreads
collect2: error: ld returned 1 exit status
make[1]: *** [cmTryCompileExec1333193546] Error 1
make[1]: Leaving directory `/home/mech-user/seminar/build/my_dynamixel_tutorial/CMakeFiles/CMakeTmp'
make: *** [cmTryCompileExec1333193546/fast] Error 2


