Determining if the pthread_create exist failed with the following output:
Change Dir: /home/mech-user/seminar/build/crane_urdf/CMakeFiles/CMakeTmp

Run Build Command:/usr/bin/make "cmTryCompileExec1040120872/fast"
/usr/bin/make -f CMakeFiles/cmTryCompileExec1040120872.dir/build.make CMakeFiles/cmTryCompileExec1040120872.dir/build
make[1]: Entering directory `/home/mech-user/seminar/build/crane_urdf/CMakeFiles/CMakeTmp'
/usr/bin/cmake -E cmake_progress_report /home/mech-user/seminar/build/crane_urdf/CMakeFiles/CMakeTmp/CMakeFiles 1
Building C object CMakeFiles/cmTryCompileExec1040120872.dir/CheckSymbolExists.c.o
/usr/bin/cc    -o CMakeFiles/cmTryCompileExec1040120872.dir/CheckSymbolExists.c.o   -c /home/mech-user/seminar/build/crane_urdf/CMakeFiles/CMakeTmp/CheckSymbolExists.c
Linking C executable cmTryCompileExec1040120872
/usr/bin/cmake -E cmake_link_script CMakeFiles/cmTryCompileExec1040120872.dir/link.txt --verbose=1
/usr/bin/cc       CMakeFiles/cmTryCompileExec1040120872.dir/CheckSymbolExists.c.o  -o cmTryCompileExec1040120872 -rdynamic 
CMakeFiles/cmTryCompileExec1040120872.dir/CheckSymbolExists.c.o: In function `main':
CheckSymbolExists.c:(.text+0x16): undefined reference to `pthread_create'
collect2: error: ld returned 1 exit status
make[1]: *** [cmTryCompileExec1040120872] Error 1
make[1]: Leaving directory `/home/mech-user/seminar/build/crane_urdf/CMakeFiles/CMakeTmp'
make: *** [cmTryCompileExec1040120872/fast] Error 2

File /home/mech-user/seminar/build/crane_urdf/CMakeFiles/CMakeTmp/CheckSymbolExists.c:
/* */
#include <pthread.h>

int main(int argc, char** argv)
{
  (void)argv;
#ifndef pthread_create
  return ((int*)(&pthread_create))[argc];
#else
  (void)argc;
  return 0;
#endif
}

Determining if the function pthread_create exists in the pthreads failed with the following output:
Change Dir: /home/mech-user/seminar/build/crane_urdf/CMakeFiles/CMakeTmp

Run Build Command:/usr/bin/make "cmTryCompileExec791988700/fast"
/usr/bin/make -f CMakeFiles/cmTryCompileExec791988700.dir/build.make CMakeFiles/cmTryCompileExec791988700.dir/build
make[1]: Entering directory `/home/mech-user/seminar/build/crane_urdf/CMakeFiles/CMakeTmp'
/usr/bin/cmake -E cmake_progress_report /home/mech-user/seminar/build/crane_urdf/CMakeFiles/CMakeTmp/CMakeFiles 1
Building C object CMakeFiles/cmTryCompileExec791988700.dir/CheckFunctionExists.c.o
/usr/bin/cc   -DCHECK_FUNCTION_EXISTS=pthread_create   -o CMakeFiles/cmTryCompileExec791988700.dir/CheckFunctionExists.c.o   -c /usr/share/cmake-2.8/Modules/CheckFunctionExists.c
Linking C executable cmTryCompileExec791988700
/usr/bin/cmake -E cmake_link_script CMakeFiles/cmTryCompileExec791988700.dir/link.txt --verbose=1
/usr/bin/cc   -DCHECK_FUNCTION_EXISTS=pthread_create    CMakeFiles/cmTryCompileExec791988700.dir/CheckFunctionExists.c.o  -o cmTryCompileExec791988700 -rdynamic -lpthreads 
/usr/bin/ld: cannot find -lpthreads
collect2: error: ld returned 1 exit status
make[1]: *** [cmTryCompileExec791988700] Error 1
make[1]: Leaving directory `/home/mech-user/seminar/build/crane_urdf/CMakeFiles/CMakeTmp'
make: *** [cmTryCompileExec791988700/fast] Error 2


