Determining if the pthread_create exist failed with the following output:
Change Dir: /home/mech-user/seminar/build/7dof_arm_moveit_config/CMakeFiles/CMakeTmp

Run Build Command:/usr/bin/make "cmTryCompileExec1506674760/fast"
/usr/bin/make -f CMakeFiles/cmTryCompileExec1506674760.dir/build.make CMakeFiles/cmTryCompileExec1506674760.dir/build
make[1]: Entering directory `/home/mech-user/seminar/build/7dof_arm_moveit_config/CMakeFiles/CMakeTmp'
/usr/bin/cmake -E cmake_progress_report /home/mech-user/seminar/build/7dof_arm_moveit_config/CMakeFiles/CMakeTmp/CMakeFiles 1
Building C object CMakeFiles/cmTryCompileExec1506674760.dir/CheckSymbolExists.c.o
/usr/bin/cc    -o CMakeFiles/cmTryCompileExec1506674760.dir/CheckSymbolExists.c.o   -c /home/mech-user/seminar/build/7dof_arm_moveit_config/CMakeFiles/CMakeTmp/CheckSymbolExists.c
Linking C executable cmTryCompileExec1506674760
/usr/bin/cmake -E cmake_link_script CMakeFiles/cmTryCompileExec1506674760.dir/link.txt --verbose=1
/usr/bin/cc       CMakeFiles/cmTryCompileExec1506674760.dir/CheckSymbolExists.c.o  -o cmTryCompileExec1506674760 -rdynamic 
CMakeFiles/cmTryCompileExec1506674760.dir/CheckSymbolExists.c.o: In function `main':
CheckSymbolExists.c:(.text+0x16): undefined reference to `pthread_create'
collect2: error: ld returned 1 exit status
make[1]: *** [cmTryCompileExec1506674760] Error 1
make[1]: Leaving directory `/home/mech-user/seminar/build/7dof_arm_moveit_config/CMakeFiles/CMakeTmp'
make: *** [cmTryCompileExec1506674760/fast] Error 2

File /home/mech-user/seminar/build/7dof_arm_moveit_config/CMakeFiles/CMakeTmp/CheckSymbolExists.c:
/* */
#include <pthread.h>

int main(int argc, char** argv)
{
  (void)argv;
#ifndef pthread_create
  return ((int*)(&pthread_create))[argc];
#else
  (void)argc;
  return 0;
#endif
}

Determining if the function pthread_create exists in the pthreads failed with the following output:
Change Dir: /home/mech-user/seminar/build/7dof_arm_moveit_config/CMakeFiles/CMakeTmp

Run Build Command:/usr/bin/make "cmTryCompileExec3555871424/fast"
/usr/bin/make -f CMakeFiles/cmTryCompileExec3555871424.dir/build.make CMakeFiles/cmTryCompileExec3555871424.dir/build
make[1]: Entering directory `/home/mech-user/seminar/build/7dof_arm_moveit_config/CMakeFiles/CMakeTmp'
/usr/bin/cmake -E cmake_progress_report /home/mech-user/seminar/build/7dof_arm_moveit_config/CMakeFiles/CMakeTmp/CMakeFiles 1
Building C object CMakeFiles/cmTryCompileExec3555871424.dir/CheckFunctionExists.c.o
/usr/bin/cc   -DCHECK_FUNCTION_EXISTS=pthread_create   -o CMakeFiles/cmTryCompileExec3555871424.dir/CheckFunctionExists.c.o   -c /usr/share/cmake-2.8/Modules/CheckFunctionExists.c
Linking C executable cmTryCompileExec3555871424
/usr/bin/cmake -E cmake_link_script CMakeFiles/cmTryCompileExec3555871424.dir/link.txt --verbose=1
/usr/bin/cc   -DCHECK_FUNCTION_EXISTS=pthread_create    CMakeFiles/cmTryCompileExec3555871424.dir/CheckFunctionExists.c.o  -o cmTryCompileExec3555871424 -rdynamic -lpthreads 
/usr/bin/ld: cannot find -lpthreads
collect2: error: ld returned 1 exit status
make[1]: *** [cmTryCompileExec3555871424] Error 1
make[1]: Leaving directory `/home/mech-user/seminar/build/7dof_arm_moveit_config/CMakeFiles/CMakeTmp'
make: *** [cmTryCompileExec3555871424/fast] Error 2


