[[36mdxl_armed_turtlebot[0m] [1m[34m==>[0m '[1m/home/mech-user/semi/build/dxl_armed_turtlebot/build_env.sh /usr/bin/make cmake_check_build_system[0m' [30m[1min[0m '[1m/home/mech-user/semi/build/dxl_armed_turtlebot[0m'[0m
-- Using CATKIN_DEVEL_PREFIX: /home/mech-user/semi/devel
-- Using CMAKE_PREFIX_PATH: /home/mech-user/semi/devel;/home/mech-user/catkin_ws/devel;/opt/ros/indigo
-- This workspace overlays: /home/mech-user/semi/devel;/home/mech-user/catkin_ws/devel;/opt/ros/indigo
-- Using PYTHON_EXECUTABLE: /usr/bin/python
-- Using Debian Python package layout
-- Using empy: /usr/bin/empy
-- Using CATKIN_ENABLE_TESTING: ON
-- Call enable_testing()
-- Using CATKIN_TEST_RESULTS_DIR: /home/mech-user/semi/build/dxl_armed_turtlebot/test_results
-- Found gtest sources under '/usr/src/gtest': gtests will be built
-- Using Python nosetests: /usr/bin/nosetests-2.7
-- catkin 0.6.14
-- Using these message generators: gencpp;geneus;genlisp;genpy
-- [roseus.cmake] loading roseus.cmake from dxl_armed_turtlebot
-- [roseus.cmake] roseus 1.3.9
-- [roseus.cmake] jskeus 
-- [roseus.cmake] euslisp 
-- [roseus.cmake] geneus 2.2.4
-- [roseus.cmake] genmsg 0.5.6
-- [roseus.cmake] message_generation Requires: gencpp;genlisp;genmsg;genpy
-- [roseus.cmake] generate all roseus messages
WARNING: Package name "7dof_arm_moveit_config" does not follow the naming conventions. It should start with a lower case letter and only contain lower case letters, digits and underscores.
WARNING: Package "ompl" does not follow the version conventions. It should not contain leading zeros (unless the number is 0).
-- [roseus.cmake] dxl_armed_turtlebot depends on audio_common_msgs;dynamixel_controllers;std_msgs;actionlib_msgs;controller_manager_msgs;diagnostic_msgs;dynamixel_msgs;geometry_msgs;kobuki_msgs;move_base_msgs;nav_msgs;pr2_msgs;rosgraph_msgs;roscpp;actionlib;dynamic_reconfigure;sensor_msgs;shape_msgs;smart_battery_msgs;sound_play;std_srvs;tf;tf2_msgs;topic_tools;trajectory_msgs;control_msgs;pr2_controllers_msgs;visualization_msgs
-- [roseus.cmake] dxl_armed_turtlebot will compile audio_common_msgs;dynamixel_controllers;controller_manager_msgs;diagnostic_msgs;dynamixel_msgs;kobuki_msgs;move_base_msgs;nav_msgs;pr2_msgs;shape_msgs;smart_battery_msgs;sound_play;trajectory_msgs;control_msgs;pr2_controllers_msgs;dxl_armed_turtlebot
-- Configuring done
-- Generating done
-- Build files have been written to: /home/mech-user/semi/build/dxl_armed_turtlebot
[[36mdxl_armed_turtlebot[0m] [32m<==[0m '[1m/home/mech-user/semi/build/dxl_armed_turtlebot/build_env.sh /usr/bin/make cmake_check_build_system[0m' finished with return code '[1m0[0m'[0m
[[36mdxl_armed_turtlebot[0m] [1m[34m==>[0m '[1m/home/mech-user/semi/build/dxl_armed_turtlebot/build_env.sh /usr/bin/make --jobserver-fds=4,6 -j[0m' [30m[1min[0m '[1m/home/mech-user/semi/build/dxl_armed_turtlebot[0m'[0m
Scanning dependencies of target dynamixel_msgs_generate_messages_eus
Scanning dependencies of target dynamixel_controllers_generate_messages_eus
[  0%] [  0%] Generating EusLisp code from dynamixel_controllers/RestartController.srv
Generating EusLisp code from dynamixel_controllers/RestartController.srv
[  0%] [  0%] Built target audio_common_msgs_generate_messages_eus
[  0%] [  0%] [  0%] [  0%] Generating EusLisp code from dynamixel_controllers/RestartController.srv
Generating EusLisp code from dynamixel_controllers/RestartController.srv
Generating EusLisp code from dynamixel_controllers/RestartController.srv
Generating EusLisp code from dynamixel_controllers/RestartController.srv
Generating EusLisp code from dynamixel_controllers/SetComplianceMargin.srv
[  0%] Generating EusLisp code from dynamixel_controllers/RestartController.srv
[  0%] [  0%] [  0%] [  0%] [  0%] Generating EusLisp code from dynamixel_controllers/SetComplianceMargin.srv
[  0%] [  0%] Generating EusLisp code from dynamixel_controllers/SetComplianceMargin.srv
Generating EusLisp code from dynamixel_controllers/SetCompliancePunch.srv
Generating EusLisp code from dynamixel_controllers/SetComplianceMargin.srv
Generating EusLisp code from dynamixel_controllers/SetComplianceMargin.srv
Generating EusLisp code from dynamixel_controllers/SetComplianceMargin.srv
Generating EusLisp code from dynamixel_controllers/SetComplianceSlope.srv
[  0%] Generating EusLisp code from dynamixel_controllers/SetComplianceMargin.srv
[  0%] [  0%] [  0%] [  0%] Generating EusLisp code from dynamixel_controllers/SetCompliancePunch.srv
Generating EusLisp code from dynamixel_controllers/SetCompliancePunch.srv
Generating EusLisp code from dynamixel_controllers/SetCompliancePunch.srv
Generating EusLisp code from dynamixel_controllers/SetCompliancePunch.srv
[  0%] Generating EusLisp code from dynamixel_controllers/SetCompliancePunch.srv
[  0%] [  0%] Generating EusLisp code from dynamixel_controllers/SetSpeed.srv
[  0%] Generating EusLisp code from dynamixel_controllers/SetComplianceSlope.srv
Generating EusLisp code from dynamixel_controllers/SetCompliancePunch.srv
[  0%] [  0%] [  0%] Generating EusLisp code from dynamixel_controllers/SetComplianceSlope.srv
[  0%] Generating EusLisp code from dynamixel_controllers/SetTorqueLimit.srv
Generating EusLisp code from dynamixel_controllers/SetComplianceSlope.srv
[  0%] Generating EusLisp code from dynamixel_controllers/SetSpeed.srv
Generating EusLisp code from dynamixel_controllers/SetComplianceSlope.srv
[  0%] [  0%] [  1%] Generating EusLisp code from dynamixel_controllers/SetSpeed.srv
Generating EusLisp code from dynamixel_controllers/StartController.srv
Generating EusLisp code from dynamixel_controllers/SetSpeed.srv
[  1%] Generating EusLisp code from dynamixel_controllers/SetSpeed.srv
[  1%] [  1%] [  1%] [  1%] Generating EusLisp code from dynamixel_controllers/SetSpeed.srv
Generating EusLisp code from dynamixel_controllers/SetTorqueLimit.srv
Generating EusLisp code from dynamixel_controllers/SetSpeed.srv
Generating EusLisp code from dynamixel_controllers/SetTorqueLimit.srv
[  1%] Generating EusLisp code from dynamixel_controllers/StopController.srv
[  1%] Generating EusLisp code from dynamixel_controllers/SetTorqueLimit.srv
[  1%] Generating EusLisp code from dynamixel_controllers/SetTorqueLimit.srv
[  1%] [  1%] Generating EusLisp code from dynamixel_controllers/StartController.srv
[  1%] Generating EusLisp code from dynamixel_controllers/StartController.srv
Generating EusLisp code from dynamixel_controllers/StartController.srv
[  1%] [  1%] Generating EusLisp code from dynamixel_controllers/StopController.srv
Generating EusLisp code from dynamixel_controllers/StartController.srv
[  1%] [  1%] [  1%] Generating EusLisp code from dynamixel_controllers/StopController.srv
Generating EusLisp code from dynamixel_controllers/StopController.srv
[  1%] [  1%] Generating EusLisp code from dynamixel_controllers/TorqueEnable.srv
[  1%] Generating EusLisp code from dynamixel_controllers/TorqueEnable.srv
Generating EusLisp code from dynamixel_controllers/StopController.srv
Generating EusLisp code from dynamixel_controllers/StopController.srv
[  1%] Generating EusLisp code from dynamixel_controllers/TorqueEnable.srv
[  1%] Generating EusLisp code from dynamixel_controllers/StopController.srv
[  1%] Generating EusLisp code from dynamixel_controllers/TorqueEnable.srv
[  1%] [  1%] Generating EusLisp code from dynamixel_controllers/TorqueEnable.srv
[  1%] [  1%] [  2%] Built target controller_manager_msgs_generate_messages_eus
Generating EusLisp code from dynamixel_msgs/JointState.msg
Generating EusLisp code from dynamixel_msgs/JointState.msg
Generating EusLisp code from dynamixel_controllers/TorqueEnable.srv
[  3%] [  3%] [  3%] Generating EusLisp code from dynamixel_msgs/JointState.msg
Generating EusLisp code from dynamixel_controllers/TorqueEnable.srv
Generating EusLisp code from dynamixel_msgs/JointState.msg
[  3%] [  3%] Built target dynamixel_controllers_generate_messages_eus
Generating EusLisp code from dynamixel_msgs/MotorState.msg
[  3%] [  3%] [  3%] [  3%] Generating EusLisp code from dynamixel_msgs/MotorState.msg
Generating EusLisp code from dynamixel_msgs/MotorState.msg
Generating EusLisp code from dynamixel_msgs/JointState.msg
Generating EusLisp code from dynamixel_msgs/MotorState.msg
[  3%] [  5%] Built target diagnostic_msgs_generate_messages_eus
Generating EusLisp code from dynamixel_msgs/MotorStateList.msg
[  5%] Generating EusLisp code from dynamixel_msgs/MotorState.msg
[  5%] Generating EusLisp code from dynamixel_msgs/MotorStateList.msg
[  5%] Generating EusLisp code from dynamixel_msgs/MotorStateList.msg
[  5%] [  5%] Generating EusLisp code from dynamixel_msgs/MotorStateList.msg
[  5%] [ 19%] Generating EusLisp code from dynamixel_msgs/MotorStateList.msg
Built target pr2_controllers_msgs_generate_messages_eus
Generating EusLisp code from dynamixel_msgs/MotorStateList.msg
[ 19%] [ 21%] Generating EusLisp code from dynamixel_msgs/MotorStateList.msg
Scanning dependencies of target shape_msgs_generate_messages_eus
Built target dynamixel_msgs_generate_messages_eus
[ 29%] Scanning dependencies of target smart_battery_msgs_generate_messages_eus
Built target shape_msgs_generate_messages_eus
[ 35%] Built target nav_msgs_generate_messages_eus
Scanning dependencies of target sound_play_generate_messages_eus
[ 46%] [ 53%] Built target control_msgs_generate_messages_eus
Built target smart_battery_msgs_generate_messages_eus
Scanning dependencies of target trajectory_msgs_generate_messages_eus
[ 66%] [ 79%] [ 79%] Built target kobuki_msgs_generate_messages_eus
Built target dxl_armed_turtlebot_generate_messages_eus
Built target sound_play_generate_messages_eus
[ 90%] [ 93%] Built target move_base_msgs_generate_messages_eus
Built target trajectory_msgs_generate_messages_eus
[100%] Built target pr2_msgs_generate_messages_eus
[[36mdxl_armed_turtlebot[0m] [32m<==[0m '[1m/home/mech-user/semi/build/dxl_armed_turtlebot/build_env.sh /usr/bin/make --jobserver-fds=4,6 -j[0m' finished with return code '[1m0[0m'[0m
