[[36mturtleboteus[0m] [1m[34m==>[0m '[1m/home/mech-user/semi/build/turtleboteus/build_env.sh /usr/bin/make cmake_check_build_system[0m' [30m[1min[0m '[1m/home/mech-user/semi/build/turtleboteus[0m'[0m
-- Using CATKIN_DEVEL_PREFIX: /home/mech-user/semi/devel
-- Using CMAKE_PREFIX_PATH: /home/mech-user/semi/devel;/home/mech-user/catkin_ws/devel;/opt/ros/indigo
-- This workspace overlays: /home/mech-user/semi/devel;/home/mech-user/catkin_ws/devel;/opt/ros/indigo
-- Using PYTHON_EXECUTABLE: /usr/bin/python
-- Using Debian Python package layout
-- Using empy: /usr/bin/empy
-- Using CATKIN_ENABLE_TESTING: ON
-- Call enable_testing()
-- Using CATKIN_TEST_RESULTS_DIR: /home/mech-user/semi/build/turtleboteus/test_results
-- Found gtest sources under '/usr/src/gtest': gtests will be built
-- Using Python nosetests: /usr/bin/nosetests-2.7
-- catkin 0.6.14
-- Using these message generators: gencpp;geneus;genlisp;genpy
-- [roseus.cmake] loading roseus.cmake from turtleboteus
-- [roseus.cmake] roseus 1.3.9
-- [roseus.cmake] jskeus 
-- [roseus.cmake] euslisp 
-- [roseus.cmake] geneus 2.2.4
-- [roseus.cmake] genmsg 0.5.6
-- [roseus.cmake] message_generation Requires: gencpp;genlisp;genmsg;genpy
-- [roseus.cmake] generate all roseus messages
WARNING: Package name "7dof_arm_moveit_config" does not follow the naming conventions. It should start with a lower case letter and only contain lower case letters, digits and underscores.
WARNING: Package "ompl" does not follow the version conventions. It should not contain leading zeros (unless the number is 0).
-- [roseus.cmake] turtleboteus depends on audio_common_msgs;std_msgs;actionlib_msgs;diagnostic_msgs;geometry_msgs;kobuki_msgs;move_base_msgs;nav_msgs;pr2_msgs;rosgraph_msgs;roscpp;actionlib;dynamic_reconfigure;sensor_msgs;shape_msgs;smart_battery_msgs;sound_play;std_srvs;tf;tf2_msgs;topic_tools;trajectory_msgs;control_msgs;pr2_controllers_msgs;visualization_msgs
-- [roseus.cmake] turtleboteus will compile audio_common_msgs;diagnostic_msgs;kobuki_msgs;move_base_msgs;nav_msgs;pr2_msgs;shape_msgs;smart_battery_msgs;sound_play;trajectory_msgs;control_msgs;pr2_controllers_msgs;turtleboteus
-- Configuring done
-- Generating done
-- Build files have been written to: /home/mech-user/semi/build/turtleboteus
[[36mturtleboteus[0m] [32m<==[0m '[1m/home/mech-user/semi/build/turtleboteus/build_env.sh /usr/bin/make cmake_check_build_system[0m' finished with return code '[1m0[0m'[0m
[[36mturtleboteus[0m] [1m[34m==>[0m '[1m/home/mech-user/semi/build/turtleboteus/build_env.sh /usr/bin/make --jobserver-fds=4,6 -j[0m' [30m[1min[0m '[1m/home/mech-user/semi/build/turtleboteus[0m'[0m
[  0%] Built target audio_common_msgs_generate_messages_eus
[  0%] Built target diagnostic_msgs_generate_messages_eus
[ 13%] Built target control_msgs_generate_messages_eus
[ 16%] Built target kobuki_msgs_generate_messages_eus
[ 20%] Built target move_base_msgs_generate_messages_eus
[ 26%] Built target nav_msgs_generate_messages_eus
[ 42%] Built target pr2_controllers_msgs_generate_messages_eus
[ 49%] Built target pr2_msgs_generate_messages_eus
[ 57%] Built target shape_msgs_generate_messages_eus
[ 65%] Built target smart_battery_msgs_generate_messages_eus
[ 73%] Built target sound_play_generate_messages_eus
[ 82%] Built target trajectory_msgs_generate_messages_eus
[100%] Built target turtleboteus_generate_messages_eus
[[36mturtleboteus[0m] [32m<==[0m '[1m/home/mech-user/semi/build/turtleboteus/build_env.sh /usr/bin/make --jobserver-fds=4,6 -j[0m' finished with return code '[1m0[0m'[0m
